
  ==========================================
  Studio Pro version: 7.0.40
  Started at: 14/02/2022 08:13:24
  ==========================================
  

[2022-02-14T11:13:44.733Z] : [success]: Connection to our licenses server is restored

[2022-02-14T11:13:44.987Z] : [success]: Robot saved successfully

[2022-02-14T11:13:45.120Z] : [info]: ---------------------------------------------

[2022-02-14T11:13:45.138Z] : [success]: Bot started

[2022-02-14T11:13:45.154Z] : [info]: Robot start

[2022-02-14T11:14:29.923Z] : [error]: Script Stopped.

[2022-02-14T11:14:29.955Z] : [warn]: Total execution time: 44s 766ms

[2022-02-14T11:14:29.972Z] : [info]: ---------------------------------------------

[2022-02-14T11:14:45.998Z] : [success]: Bot started

[2022-02-14T11:14:46.015Z] : [info]: Robot start

[2022-02-14T11:15:53.249Z] : [success]: Bot finished successfully, total execution time: 1m 7s 232ms

[2022-02-14T11:15:53.266Z] : [info]: ---------------------------------------------

[2022-02-14T11:19:10.230Z] : [success]: Robot saved successfully

[2022-02-14T11:19:10.439Z] : [success]: Bot started

[2022-02-14T11:19:10.459Z] : [info]: Robot start

[2022-02-14T11:23:47.409Z] : [success]: Bot finished successfully, total execution time: 4m 36s 942ms

[2022-02-14T11:23:47.434Z] : [info]: ---------------------------------------------

[2022-02-14T11:26:12.876Z] : [success]: Robot saved successfully

[2022-02-14T11:26:13.211Z] : [success]: Bot started

[2022-02-14T11:26:13.232Z] : [info]: Robot start

[2022-02-14T11:29:39.089Z] : [success]: Bot finished successfully, total execution time: 3m 25s 840ms

[2022-02-14T11:29:39.131Z] : [info]: ---------------------------------------------

[2022-02-14T11:31:47.902Z] : [success]: Robot saved successfully

[2022-02-14T11:31:48.085Z] : [success]: Bot started

[2022-02-14T11:31:48.109Z] : [info]: Robot start

[2022-02-14T11:34:01.326Z] : [success]: Bot finished successfully, total execution time: 2m 13s 210ms

[2022-02-14T11:34:01.365Z] : [info]: ---------------------------------------------

[2022-02-14T11:35:51.310Z] : [success]: Robot saved successfully

[2022-02-14T11:35:51.515Z] : [success]: Bot started

[2022-02-14T11:35:51.535Z] : [info]: Robot start

[2022-02-14T11:40:47.312Z] : [success]: Bot finished successfully, total execution time: 4m 55s 768ms

[2022-02-14T11:40:47.341Z] : [info]: ---------------------------------------------

[2022-02-14T11:55:36.358Z] : [success]: Robot saved successfully

[2022-02-14T11:55:36.613Z] : [success]: Bot started

[2022-02-14T11:55:36.635Z] : [info]: Robot start

[2022-02-14T12:03:26.038Z] : [error]: Script Stopped.

[2022-02-14T12:03:26.063Z] : [warn]: Total execution time: 7m 49s 399ms

[2022-02-14T12:03:26.070Z] : [info]: ---------------------------------------------

[2022-02-14T12:14:03.033Z] : [success]: Robot saved successfully

[2022-02-14T12:14:03.388Z] : [success]: Bot started

[2022-02-14T12:14:03.393Z] : [info]: Robot start

[2022-02-14T12:14:15.578Z] : [error]: Script Stopped.

[2022-02-14T12:14:15.610Z] : [warn]: Total execution time: 12s 183ms

[2022-02-14T12:14:15.615Z] : [info]: ---------------------------------------------

[2022-02-14T12:24:52.853Z] : [success]: Robot saved successfully

[2022-02-14T12:24:53.075Z] : [success]: Bot started

[2022-02-14T12:24:53.078Z] : [info]: Robot start

[2022-02-14T12:25:47.899Z] : [error]: Timeout has occurred

[2022-02-14T12:25:47.915Z] : [error]: Total execution time: 54s 818ms

[2022-02-14T12:25:47.924Z] : [info]: ---------------------------------------------

[2022-02-14T12:26:14.758Z] : [success]: Bot started

[2022-02-14T12:26:14.762Z] : [info]: Robot start

[2022-02-14T12:33:18.189Z] : [error]: Script Stopped.

[2022-02-14T12:33:18.220Z] : [warn]: Total execution time: 7m 3s 422ms

[2022-02-14T12:33:18.226Z] : [info]: ---------------------------------------------

[2022-02-14T12:36:47.959Z] : [success]: Robot saved successfully

[2022-02-14T12:36:48.477Z] : [success]: Bot started

[2022-02-14T12:36:48.482Z] : [info]: Robot start

[2022-02-14T12:37:20.186Z] : [error]: Script Stopped.

[2022-02-14T12:37:20.242Z] : [warn]: Total execution time: 29s 702ms

[2022-02-14T12:37:20.277Z] : [info]: ---------------------------------------------

[2022-02-14T12:39:06.677Z] : [info]: ---------------------------------------------

[2022-02-14T12:39:06.680Z] : [success]: Bot started

[2022-02-14T12:39:06.686Z] : [info]: Robot start

[2022-02-14T12:39:09.895Z] : [error]: Timeout has occurred

[2022-02-14T12:39:09.913Z] : [error]: Total execution time: 3s 208ms

[2022-02-14T12:39:09.917Z] : [info]: ---------------------------------------------

[2022-02-14T13:01:24.537Z] : [success]: Bot started

[2022-02-14T13:01:24.543Z] : [info]: Robot start

[2022-02-14T13:01:36.203Z] : [error]: Selectors: Nothing found

[2022-02-14T13:01:36.238Z] : [error]: Total execution time: 11s 657ms

[2022-02-14T13:01:36.245Z] : [info]: ---------------------------------------------

[2022-02-14T13:04:40.855Z] : [success]: Robot saved successfully

[2022-02-14T13:04:41.237Z] : [info]: ---------------------------------------------

[2022-02-14T13:04:41.255Z] : [success]: Bot started

[2022-02-14T13:04:41.262Z] : [info]: Robot start

[2022-02-14T13:04:44.982Z] : [error]: Selectors: Nothing found

[2022-02-14T13:04:45.121Z] : [error]: Total execution time: 3s 718ms

[2022-02-14T13:04:45.156Z] : [info]: ---------------------------------------------

[2022-02-14T13:09:35.105Z] : [success]: Robot saved successfully

[2022-02-14T13:09:43.473Z] : [success]: Bot started

[2022-02-14T13:09:43.481Z] : [info]: Robot start

[2022-02-14T13:09:47.608Z] : [success]: Bot finished successfully, total execution time: 3s 985ms

[2022-02-14T13:09:47.686Z] : [info]: ---------------------------------------------

[2022-02-14T13:10:16.120Z] : [success]: Robot saved successfully

[2022-02-14T13:10:16.387Z] : [success]: Bot started

[2022-02-14T13:10:16.392Z] : [info]: Robot start

[2022-02-14T13:10:19.813Z] : [error]: Script Stopped.

[2022-02-14T13:10:19.855Z] : [warn]: Total execution time: 3s 418ms

[2022-02-14T13:10:19.887Z] : [info]: ---------------------------------------------

[2022-02-14T13:10:49.566Z] : [success]: Robot saved successfully

[2022-02-14T13:10:49.787Z] : [success]: Bot started

[2022-02-14T13:10:49.791Z] : [info]: Robot start

[2022-02-14T13:10:52.571Z] : [error]: Selectors: Nothing found

[2022-02-14T13:10:52.588Z] : [error]: Total execution time: 2s 779ms

[2022-02-14T13:10:52.595Z] : [info]: ---------------------------------------------

[2022-02-14T13:35:21.251Z] : [success]: Robot saved successfully

[2022-02-14T13:35:25.382Z] : [error]: Cannot read property 'type' of null

[2022-02-14T13:35:25.393Z] : [error]: Cannot read property 'type' of null

[2022-02-14T13:35:25.404Z] : [error]: Cannot read property 'type' of null

[2022-02-14T13:35:25.411Z] : [error]: Cannot read property 'type' of null

